-XnoInline
-1.6
-encoding
UTF-8
-outxml
-showWeaveInfo
-source
1.6
-target
1.6
-verbose
-classpath
C:\Users\Patryk\.m2\repository\net\sf\flexjson\flexjson\2.0\flexjson-2.0.jar;C:\Users\Patryk\.m2\repository\org\json\json\20090211\json-20090211.jar;C:\Users\Patryk\.m2\repository\com\vaadin\vaadin\6.8.8\vaadin-6.8.8.jar;C:\Users\Patryk\.m2\repository\org\aspectj\aspectjrt\1.7.1\aspectjrt-1.7.1.jar;C:\Users\Patryk\.m2\repository\org\aspectj\aspectjtools\1.7.1\aspectjtools-1.7.1.jar;D:\Workspace\IfY\WebIFY\lib\messagebox.jar;C:\Users\Patryk\.m2\repository\org\springframework\spring-core\3.2.1.RELEASE\spring-core-3.2.1.RELEASE.jar;C:\Users\Patryk\.m2\repository\org\springframework\spring-beans\3.2.1.RELEASE\spring-beans-3.2.1.RELEASE.jar;C:\Users\Patryk\.m2\repository\org\springframework\spring-context\3.2.1.RELEASE\spring-context-3.2.1.RELEASE.jar;C:\Users\Patryk\.m2\repository\org\springframework\spring-web\3.2.1.RELEASE\spring-web-3.2.1.RELEASE.jar;C:\Users\Patryk\.m2\repository\org\springframework\spring-aspects\3.2.1.RELEASE\spring-aspects-3.2.1.RELEASE.jar;C:\Users\Patryk\.m2\repository\org\springframework\spring-tx\3.2.1.RELEASE\spring-tx-3.2.1.RELEASE.jar;C:\Users\Patryk\.m2\repository\org\springframework\spring-test\3.2.1.RELEASE\spring-test-3.2.1.RELEASE.jar;C:\Users\Patryk\.m2\repository\org\springframework\spring-orm\3.2.1.RELEASE\spring-orm-3.2.1.RELEASE.jar;C:\Users\Patryk\.m2\repository\org\springframework\spring-jdbc\3.2.1.RELEASE\spring-jdbc-3.2.1.RELEASE.jar;C:\Users\Patryk\.m2\repository\org\springframework\spring-webmvc\3.2.1.RELEASE\spring-webmvc-3.2.1.RELEASE.jar;C:\Users\Patryk\.m2\repository\org\apache\commons\com.springsource.org.apache.commons.logging\1.1.1\com.springsource.org.apache.commons.logging-1.1.1.jar;C:\Users\Patryk\.m2\repository\org\slf4j\com.springsource.slf4j.log4j\1.5.6\com.springsource.slf4j.log4j-1.5.6.jar;C:\Users\Patryk\.m2\repository\org\slf4j\com.springsource.slf4j.api\1.5.6\com.springsource.slf4j.api-1.5.6.jar;C:\Users\Patryk\.m2\repository\org\apache\log4j\com.springsource.org.apache.log4j\1.2.15\com.springsource.org.apache.log4j-1.2.15.jar;C:\Users\Patryk\.m2\repository\javax\servlet\jsp-api\2.0\jsp-api-2.0.jar;C:\Users\Patryk\.m2\repository\javax\servlet\servlet-api\2.5\servlet-api-2.5.jar;C:\Users\Patryk\.m2\repository\javax\servlet\jstl\1.2\jstl-1.2.jar;C:\Users\Patryk\.m2\repository\org\apache\derby\derby\10.4.1.3\derby-10.4.1.3.jar;C:\Users\Patryk\.m2\repository\org\hibernate\hibernate-entitymanager\3.6.9.Final\hibernate-entitymanager-3.6.9.Final.jar;C:\Users\Patryk\.m2\repository\org\hibernate\javax\persistence\hibernate-jpa-2.0-api\1.0.0.Final\hibernate-jpa-2.0-api-1.0.0.Final.jar;C:\Users\Patryk\.m2\repository\mysql\mysql-connector-java\5.1.23\mysql-connector-java-5.1.23.jar;C:\Users\Patryk\.m2\repository\junit\junit\4.11\junit-4.11.jar;C:\Users\Patryk\.m2\repository\org\apache\cxf\cxf-rt-frontend-jaxrs\2.7.2\cxf-rt-frontend-jaxrs-2.7.2.jar;C:\Users\Patryk\.m2\repository\org\jboss\resteasy\jaxrs-api\2.3.2.Final\jaxrs-api-2.3.2.Final.jar;C:\Users\Patryk\.m2\repository\org\jboss\resteasy\resteasy-jaxrs\2.3.2.Final\resteasy-jaxrs-2.3.2.Final.jar;C:\Users\Patryk\.m2\repository\org\jboss\resteasy\resteasy-jackson-provider\2.3.2.Final\resteasy-jackson-provider-2.3.2.Final.jar;C:\Users\Patryk\.m2\repository\org\jboss\resteasy\resteasy-spring\2.3.2.Final\resteasy-spring-2.3.2.Final.jar;C:\Users\Patryk\.m2\repository\org\jboss\resteasy\resteasy-jaxb-provider\2.3.2.Final\resteasy-jaxb-provider-2.3.2.Final.jar;C:\Users\Patryk\.m2\repository\org\codehaus\jackson\jackson-mapper-asl\1.8.5\jackson-mapper-asl-1.8.5.jar;C:\Users\Patryk\.m2\repository\commons-logging\commons-logging\1.1.1\commons-logging-1.1.1.jar;C:\Users\Patryk\.m2\repository\org\springframework\spring-aop\3.2.1.RELEASE\spring-aop-3.2.1.RELEASE.jar;C:\Users\Patryk\.m2\repository\org\springframework\spring-expression\3.2.1.RELEASE\spring-expression-3.2.1.RELEASE.jar;C:\Users\Patryk\.m2\repository\aopalliance\aopalliance\1.0\aopalliance-1.0.jar;C:\Users\Patryk\.m2\repository\org\aspectj\aspectjweaver\1.7.1\aspectjweaver-1.7.1.jar;C:\Users\Patryk\.m2\repository\org\springframework\spring-context-support\3.2.1.RELEASE\spring-context-support-3.2.1.RELEASE.jar;C:\Users\Patryk\.m2\repository\org\hibernate\hibernate-core\3.6.9.Final\hibernate-core-3.6.9.Final.jar;C:\Users\Patryk\.m2\repository\antlr\antlr\2.7.6\antlr-2.7.6.jar;C:\Users\Patryk\.m2\repository\commons-collections\commons-collections\3.1\commons-collections-3.1.jar;C:\Users\Patryk\.m2\repository\dom4j\dom4j\1.6.1\dom4j-1.6.1.jar;C:\Users\Patryk\.m2\repository\org\hibernate\hibernate-commons-annotations\3.2.0.Final\hibernate-commons-annotations-3.2.0.Final.jar;C:\Users\Patryk\.m2\repository\javax\transaction\jta\1.1\jta-1.1.jar;C:\Users\Patryk\.m2\repository\cglib\cglib\2.2\cglib-2.2.jar;C:\Users\Patryk\.m2\repository\asm\asm\3.1\asm-3.1.jar;C:\Users\Patryk\.m2\repository\javassist\javassist\3.12.0.GA\javassist-3.12.0.GA.jar;C:\Users\Patryk\.m2\repository\org\slf4j\slf4j-api\1.6.1\slf4j-api-1.6.1.jar;C:\Users\Patryk\.m2\repository\org\apache\cxf\cxf-api\2.7.2\cxf-api-2.7.2.jar;C:\Users\Patryk\.m2\repository\org\apache\ws\xmlschema\xmlschema-core\2.0.3\xmlschema-core-2.0.3.jar;C:\Users\Patryk\.m2\repository\org\apache\geronimo\specs\geronimo-javamail_1.4_spec\1.7.1\geronimo-javamail_1.4_spec-1.7.1.jar;C:\Users\Patryk\.m2\repository\wsdl4j\wsdl4j\1.6.2\wsdl4j-1.6.2.jar;C:\Users\Patryk\.m2\repository\org\apache\cxf\cxf-rt-core\2.7.2\cxf-rt-core-2.7.2.jar;C:\Users\Patryk\.m2\repository\javax\ws\rs\javax.ws.rs-api\2.0-m10\javax.ws.rs-api-2.0-m10.jar;C:\Users\Patryk\.m2\repository\org\apache\cxf\cxf-rt-bindings-xml\2.7.2\cxf-rt-bindings-xml-2.7.2.jar;C:\Users\Patryk\.m2\repository\org\apache\cxf\cxf-rt-transports-http\2.7.2\cxf-rt-transports-http-2.7.2.jar;C:\Users\Patryk\.m2\repository\org\scannotation\scannotation\1.0.3\scannotation-1.0.3.jar;C:\Users\Patryk\.m2\repository\javax\annotation\jsr250-api\1.0\jsr250-api-1.0.jar;C:\Users\Patryk\.m2\repository\javax\activation\activation\1.1\activation-1.1.jar;C:\Users\Patryk\.m2\repository\commons-httpclient\commons-httpclient\3.1\commons-httpclient-3.1.jar;C:\Users\Patryk\.m2\repository\commons-codec\commons-codec\1.2\commons-codec-1.2.jar;C:\Users\Patryk\.m2\repository\org\apache\httpcomponents\httpclient\4.1.2\httpclient-4.1.2.jar;C:\Users\Patryk\.m2\repository\org\apache\httpcomponents\httpcore\4.1.2\httpcore-4.1.2.jar;C:\Users\Patryk\.m2\repository\net\jcip\jcip-annotations\1.0\jcip-annotations-1.0.jar;C:\Users\Patryk\.m2\repository\org\codehaus\jackson\jackson-core-asl\1.8.5\jackson-core-asl-1.8.5.jar;C:\Users\Patryk\.m2\repository\org\codehaus\jackson\jackson-jaxrs\1.8.5\jackson-jaxrs-1.8.5.jar;C:\Users\Patryk\.m2\repository\org\codehaus\jackson\jackson-xc\1.8.5\jackson-xc-1.8.5.jar;C:\Users\Patryk\.m2\repository\org\jboss\resteasy\resteasy-jettison-provider\2.3.2.Final\resteasy-jettison-provider-2.3.2.Final.jar;C:\Users\Patryk\.m2\repository\org\codehaus\jettison\jettison\1.3.1\jettison-1.3.1.jar;C:\Users\Patryk\.m2\repository\com\sun\xml\bind\jaxb-impl\2.2.4\jaxb-impl-2.2.4.jar;C:\Users\Patryk\.m2\repository\javax\xml\bind\jaxb-api\2.2.3\jaxb-api-2.2.3.jar;C:\Users\Patryk\.m2\repository\javax\xml\stream\stax-api\1.0-2\stax-api-1.0-2.jar;D:\Workspace\IfY\WebIFY\target\classes
-aspectpath
C:\Users\Patryk\.m2\repository\org\springframework\spring-aspects\3.2.1.RELEASE\spring-aspects-3.2.1.RELEASE.jar
-d
D:\Workspace\IfY\WebIFY\target\classes
D:\Workspace\IfY\WebIFY\src\main\java\pl\poznan\put\cs\ify\webify\App.java
D:\Workspace\IfY\WebIFY\src\main\java\pl\poznan\put\cs\ify\webify\data\annotation\user\ViewAccessible.java
D:\Workspace\IfY\WebIFY\src\main\java\pl\poznan\put\cs\ify\webify\data\dao\IBaseDAO.java
D:\Workspace\IfY\WebIFY\src\main\java\pl\poznan\put\cs\ify\webify\data\dao\IGroupDAO.java
D:\Workspace\IfY\WebIFY\src\main\java\pl\poznan\put\cs\ify\webify\data\dao\IGroupPermissionDAO.java
D:\Workspace\IfY\WebIFY\src\main\java\pl\poznan\put\cs\ify\webify\data\dao\impl\BaseDAO.java
D:\Workspace\IfY\WebIFY\src\main\java\pl\poznan\put\cs\ify\webify\data\dao\impl\GroupDAO.java
D:\Workspace\IfY\WebIFY\src\main\java\pl\poznan\put\cs\ify\webify\data\dao\impl\GroupPermissionDAO.java
D:\Workspace\IfY\WebIFY\src\main\java\pl\poznan\put\cs\ify\webify\data\dao\impl\ParameterDAO.java
D:\Workspace\IfY\WebIFY\src\main\java\pl\poznan\put\cs\ify\webify\data\dao\impl\UserDAO.java
D:\Workspace\IfY\WebIFY\src\main\java\pl\poznan\put\cs\ify\webify\data\dao\IParameterDAO.java
D:\Workspace\IfY\WebIFY\src\main\java\pl\poznan\put\cs\ify\webify\data\dao\IUserDAO.java
D:\Workspace\IfY\WebIFY\src\main\java\pl\poznan\put\cs\ify\webify\data\entity\BaseEntity.java
D:\Workspace\IfY\WebIFY\src\main\java\pl\poznan\put\cs\ify\webify\data\entity\group\GroupEntity.java
D:\Workspace\IfY\WebIFY\src\main\java\pl\poznan\put\cs\ify\webify\data\entity\group\GroupPermissionEntity.java
D:\Workspace\IfY\WebIFY\src\main\java\pl\poznan\put\cs\ify\webify\data\entity\receip\ParameterEntity.java
D:\Workspace\IfY\WebIFY\src\main\java\pl\poznan\put\cs\ify\webify\data\entity\user\UserEntity.java
D:\Workspace\IfY\WebIFY\src\main\java\pl\poznan\put\cs\ify\webify\data\enums\GroupPermission.java
D:\Workspace\IfY\WebIFY\src\main\java\pl\poznan\put\cs\ify\webify\data\enums\user\Gender.java
D:\Workspace\IfY\WebIFY\src\main\java\pl\poznan\put\cs\ify\webify\data\enums\user\UserRole.java
D:\Workspace\IfY\WebIFY\src\main\java\pl\poznan\put\cs\ify\webify\gui\components\GroupListPanel.java
D:\Workspace\IfY\WebIFY\src\main\java\pl\poznan\put\cs\ify\webify\gui\components\LoginComponent.java
D:\Workspace\IfY\WebIFY\src\main\java\pl\poznan\put\cs\ify\webify\gui\components\TitlePanel.java
D:\Workspace\IfY\WebIFY\src\main\java\pl\poznan\put\cs\ify\webify\gui\session\UserSession.java
D:\Workspace\IfY\WebIFY\src\main\java\pl\poznan\put\cs\ify\webify\gui\windows\BaseWindow.java
D:\Workspace\IfY\WebIFY\src\main\java\pl\poznan\put\cs\ify\webify\gui\windows\GroupWindow.java
D:\Workspace\IfY\WebIFY\src\main\java\pl\poznan\put\cs\ify\webify\gui\windows\LoginWindow.java
D:\Workspace\IfY\WebIFY\src\main\java\pl\poznan\put\cs\ify\webify\gui\windows\MainWindow.java
D:\Workspace\IfY\WebIFY\src\main\java\pl\poznan\put\cs\ify\webify\gui\windows\RegisterWindow.java
D:\Workspace\IfY\WebIFY\src\main\java\pl\poznan\put\cs\ify\webify\Inject.java
D:\Workspace\IfY\WebIFY\src\main\java\pl\poznan\put\cs\ify\webify\rest\LoginControler.java
D:\Workspace\IfY\WebIFY\src\main\java\pl\poznan\put\cs\ify\webify\rest\model\LoginMessage.java
D:\Workspace\IfY\WebIFY\src\main\java\pl\poznan\put\cs\ify\webify\rest\model\Message.java
D:\Workspace\IfY\WebIFY\src\main\java\pl\poznan\put\cs\ify\webify\rest\model\MessageEvent.java
D:\Workspace\IfY\WebIFY\src\main\java\pl\poznan\put\cs\ify\webify\rest\model\MessageParam.java
D:\Workspace\IfY\WebIFY\src\main\java\pl\poznan\put\cs\ify\webify\rest\model\MessageUser.java
D:\Workspace\IfY\WebIFY\src\main\java\pl\poznan\put\cs\ify\webify\rest\service\IMessageBuilder.java
D:\Workspace\IfY\WebIFY\src\main\java\pl\poznan\put\cs\ify\webify\rest\service\IMessageParser.java
D:\Workspace\IfY\WebIFY\src\main\java\pl\poznan\put\cs\ify\webify\rest\service\IMessageService.java
D:\Workspace\IfY\WebIFY\src\main\java\pl\poznan\put\cs\ify\webify\rest\service\impl\MessageBuilder.java
D:\Workspace\IfY\WebIFY\src\main\java\pl\poznan\put\cs\ify\webify\rest\service\impl\MessageParser.java
D:\Workspace\IfY\WebIFY\src\main\java\pl\poznan\put\cs\ify\webify\rest\service\impl\MessageService.java
D:\Workspace\IfY\WebIFY\src\main\java\pl\poznan\put\cs\ify\webify\rest\SimpleREST.java
D:\Workspace\IfY\WebIFY\src\main\java\pl\poznan\put\cs\ify\webify\service\IBaseService.java
D:\Workspace\IfY\WebIFY\src\main\java\pl\poznan\put\cs\ify\webify\service\IGroupService.java
D:\Workspace\IfY\WebIFY\src\main\java\pl\poznan\put\cs\ify\webify\service\impl\GroupService.java
D:\Workspace\IfY\WebIFY\src\main\java\pl\poznan\put\cs\ify\webify\service\impl\ParameterService.java
D:\Workspace\IfY\WebIFY\src\main\java\pl\poznan\put\cs\ify\webify\service\impl\UserService.java
D:\Workspace\IfY\WebIFY\src\main\java\pl\poznan\put\cs\ify\webify\service\IParameterService.java
D:\Workspace\IfY\WebIFY\src\main\java\pl\poznan\put\cs\ify\webify\service\IUserService.java
D:\Workspace\IfY\WebIFY\src\main\java\pl\poznan\put\cs\ify\webify\SpringContextHelper.java
D:\Workspace\IfY\WebIFY\src\main\java\pl\poznan\put\cs\ify\webify\utils\BeanUtils.java
D:\Workspace\IfY\WebIFY\src\main\java\pl\poznan\put\cs\ify\webify\utils\JSONutils.java
D:\Workspace\IfY\WebIFY\src\main\java\pl\poznan\put\cs\ify\webify\utils\MathUtils.java
D:\Workspace\IfY\WebIFY\src\main\java\pl\poznan\put\cs\ify\webify\utils\PeselUtils.java
D:\Workspace\IfY\WebIFY\src\main\java\pl\poznan\put\cs\ify\webify\utils\PwzUtils.java
D:\Workspace\IfY\WebIFY\src\main\java\pl\poznan\put\cs\ify\webify\utils\StringUtils.java
